[2019-02-15 17:29:40.686] [exthost] [info] extension host started
[2019-02-15 17:29:40.699] [exthost] [info] ExtensionService#_doActivateExtension vscode.debug-auto-launch {"startup":true,"activationEvent":"*"}
[2019-02-15 17:29:40.699] [exthost] [info] ExtensionService#loadCommonJSModule /usr/lib/code/extensions/debug-auto-launch/dist/extension
[2019-02-15 17:29:40.701] [exthost] [info] ExtensionService#_doActivateExtension vscode.emmet {"startup":true,"activationEvent":"*"}
[2019-02-15 17:29:40.701] [exthost] [info] ExtensionService#loadCommonJSModule /usr/lib/code/extensions/emmet/dist/extension
[2019-02-15 17:29:40.711] [exthost] [info] ExtensionService#_doActivateExtension vscode.git {"startup":true,"activationEvent":"*"}
[2019-02-15 17:29:40.711] [exthost] [info] ExtensionService#loadCommonJSModule /usr/lib/code/extensions/git/dist/main
[2019-02-15 17:29:40.775] [exthost] [info] ExtensionService#_doActivateExtension vscode.merge-conflict {"startup":true,"activationEvent":"*"}
[2019-02-15 17:29:40.775] [exthost] [info] ExtensionService#loadCommonJSModule /usr/lib/code/extensions/merge-conflict/dist/extension
[2019-02-15 17:29:40.778] [exthost] [info] ExtensionService#_doActivateExtension Equinusocio.vsc-material-theme {"startup":true,"activationEvent":"*"}
[2019-02-15 17:29:40.778] [exthost] [info] ExtensionService#loadCommonJSModule /home/alex/.vscode-oss/extensions/equinusocio.vsc-material-theme-2.6.3/extensions/material.theme.config.js
[2019-02-15 17:29:40.786] [exthost] [info] ExtensionService#_doActivateExtension formulahendry.auto-close-tag {"startup":true,"activationEvent":"*"}
[2019-02-15 17:29:40.786] [exthost] [info] ExtensionService#loadCommonJSModule /home/alex/.vscode-oss/extensions/formulahendry.auto-close-tag-0.5.6/out/src/extension
[2019-02-15 17:29:40.787] [exthost] [info] ExtensionService#_doActivateExtension gencer.html-slim-scss-css-class-completion {"startup":true,"activationEvent":"*"}
[2019-02-15 17:29:40.787] [exthost] [info] ExtensionService#loadCommonJSModule /home/alex/.vscode-oss/extensions/gencer.html-slim-scss-css-class-completion-1.5.12/out/src/extension
[2019-02-15 17:29:40.973] [exthost] [info] ExtensionService#_doActivateExtension PKief.material-icon-theme {"startup":true,"activationEvent":"*"}
[2019-02-15 17:29:40.973] [exthost] [info] ExtensionService#loadCommonJSModule /home/alex/.vscode-oss/extensions/pkief.material-icon-theme-3.6.3/out/src/extension
[2019-02-15 17:29:40.996] [exthost] [info] ExtensionService#_doActivateExtension ritwickdey.LiveServer {"startup":true,"activationEvent":"*"}
[2019-02-15 17:29:40.996] [exthost] [info] ExtensionService#loadCommonJSModule /home/alex/.vscode-oss/extensions/ritwickdey.liveserver-5.5.1/out/src/extension
[2019-02-15 17:29:41.156] [exthost] [info] ExtensionService#_doActivateExtension Zignd.html-css-class-completion {"startup":true,"activationEvent":"*"}
[2019-02-15 17:29:41.156] [exthost] [info] ExtensionService#loadCommonJSModule /home/alex/.vscode-oss/extensions/zignd.html-css-class-completion-1.18.0/out/src/extension
[2019-02-15 17:29:41.323] [exthost] [info] eager extensions activated
[2019-02-15 17:29:47.612] [exthost] [info] ExtensionService#_doActivateExtension vscode.configuration-editing {"startup":false,"activationEvent":"onLanguage:jsonc"}
[2019-02-15 17:29:47.612] [exthost] [info] ExtensionService#loadCommonJSModule /usr/lib/code/extensions/configuration-editing/dist/extension
[2019-02-15 17:29:47.617] [exthost] [info] ExtensionService#_doActivateExtension vscode.json-language-features {"startup":false,"activationEvent":"onLanguage:jsonc"}
[2019-02-15 17:29:47.617] [exthost] [info] ExtensionService#loadCommonJSModule /usr/lib/code/extensions/json-language-features/client/dist/jsonMain
[2019-02-15 17:29:47.663] [exthost] [info] ExtensionService#_doActivateExtension vscode.typescript-language-features {"startup":false,"activationEvent":"onLanguage:jsonc"}
[2019-02-15 17:29:47.663] [exthost] [info] ExtensionService#loadCommonJSModule /usr/lib/code/extensions/typescript-language-features/dist/extension
