[2019-02-15 17:31:05.437] [sharedprocess] [info] main {"machineId":"29d990988e8064803937ba315708ed1a061491602e0513c1f524d0d5347e8af7"}
[2019-02-15 17:31:05.527] [sharedprocess] [info] Scanned user extensions: 11
[2019-02-15 17:31:05.538] [sharedprocess] [info] Scanned user extensions: 11
[2019-02-15 17:31:05.538] [sharedprocess] [info] Scanned user extensions: 11
[2019-02-15 17:31:05.583] [sharedprocess] [info] Scanned system extensions: 71
[2019-02-15 17:31:05.584] [sharedprocess] [info] Deleted from disk equinusocio.vsc-material-theme /home/alex/.vscode-oss/extensions/equinusocio.vsc-material-theme-2.6.3
[2019-02-15 17:31:05.586] [sharedprocess] [info] Scanned system extensions: 71
[2019-02-15 17:31:05.589] [sharedprocess] [info] Scanned system extensions: 71
[2019-02-15 17:31:05.684] [sharedprocess] [info] Scanned user extensions: 11
[2019-02-15 17:31:45.444] [sharedprocess] [info] Starting to clean up unused language packs.
[2019-02-15 17:32:43.159] [sharedprocess] [info] Scanned user extensions: 11
[2019-02-15 17:36:05.707] [sharedprocess] [info] Scanned user extensions: 11
[2019-02-15 17:41:05.727] [sharedprocess] [info] Scanned user extensions: 11
[2019-02-15 17:46:05.753] [sharedprocess] [info] Scanned user extensions: 11
[2019-02-15 17:51:05.780] [sharedprocess] [info] Scanned user extensions: 11
[2019-02-15 17:56:05.809] [sharedprocess] [info] Scanned user extensions: 11
[2019-02-15 18:01:05.835] [sharedprocess] [info] Scanned user extensions: 11
[2019-02-15 18:06:05.862] [sharedprocess] [info] Scanned user extensions: 11
[2019-02-15 18:11:05.887] [sharedprocess] [info] Scanned user extensions: 11
[2019-02-15 18:16:05.911] [sharedprocess] [info] Scanned user extensions: 11
[2019-02-15 18:21:05.939] [sharedprocess] [info] Scanned user extensions: 11
[2019-02-15 18:26:05.965] [sharedprocess] [info] Scanned user extensions: 11
[2019-02-15 18:31:05.990] [sharedprocess] [info] Scanned user extensions: 11
[2019-02-15 18:36:06.015] [sharedprocess] [info] Scanned user extensions: 11
[2019-02-15 18:41:06.043] [sharedprocess] [info] Scanned user extensions: 11
[2019-02-15 18:46:06.072] [sharedprocess] [info] Scanned user extensions: 11
