[2019-04-14 17:43:37.161] [sharedprocess] [info] main {"machineId":"29d990988e8064803937ba315708ed1a061491602e0513c1f524d0d5347e8af7"}
[2019-04-14 17:43:37.255] [sharedprocess] [info] Scanned user extensions: 21
[2019-04-14 17:43:37.277] [sharedprocess] [info] Scanned user extensions: 21
[2019-04-14 17:43:37.279] [sharedprocess] [info] Scanned user extensions: 21
[2019-04-14 17:43:37.279] [sharedprocess] [info] Scanned user extensions: 21
[2019-04-14 17:43:37.283] [sharedprocess] [info] Scanned user extensions: 21
[2019-04-14 17:43:37.301] [sharedprocess] [info] Scanned system extensions: 72
[2019-04-14 17:43:37.307] [sharedprocess] [info] Scanned system extensions: 72
[2019-04-14 17:43:37.310] [sharedprocess] [info] Scanned system extensions: 72
[2019-04-14 17:43:37.314] [sharedprocess] [info] Scanned system extensions: 72
[2019-04-14 17:43:38.733] [sharedprocess] [info] Installing extension: formulahendry.code-runner
[2019-04-14 17:43:38.734] [sharedprocess] [info] Installing extension: james-yu.latex-workshop
[2019-04-14 17:43:38.735] [sharedprocess] [info] Installing extension: mikael.angular-beastcode
[2019-04-14 17:43:38.735] [sharedprocess] [info] Installing extension: whizkydee.material-palenight-theme
[2019-04-14 17:43:38.805] [sharedprocess] [info] Scanned user extensions: 21
[2019-04-14 17:43:38.817] [sharedprocess] [info] Scanned user extensions: 21
[2019-04-14 17:43:38.819] [sharedprocess] [info] Scanned user extensions: 21
[2019-04-14 17:43:38.821] [sharedprocess] [info] Scanned user extensions: 21
[2019-04-14 17:43:39.306] [sharedprocess] [info] Downloaded extension: whizkydee.material-palenight-theme /tmp/ad9a673e-6110-4c6b-89e7-943060c70ddf
[2019-04-14 17:43:39.418] [sharedprocess] [info] Downloaded extension: formulahendry.code-runner /tmp/c74b32d8-e9a2-42cc-b611-21d8b0c37aaa
[2019-04-14 17:43:39.421] [sharedprocess] [info] Extracted extension to /home/alex/.vscode-oss/extensions/.whizkydee.material-palenight-theme-1.9.5: whizkydee.material-palenight-theme
[2019-04-14 17:43:39.422] [sharedprocess] [info] Renamed to /home/alex/.vscode-oss/extensions/whizkydee.material-palenight-theme-1.9.5
[2019-04-14 17:43:39.423] [sharedprocess] [info] Installation completed. whizkydee.material-palenight-theme
[2019-04-14 17:43:39.434] [sharedprocess] [info] Downloaded extension: mikael.angular-beastcode /tmp/e2482279-03b5-4b35-91b7-1542b9fed710
[2019-04-14 17:43:39.442] [sharedprocess] [info] Extensions installed successfully: whizkydee.material-palenight-theme
[2019-04-14 17:43:39.523] [sharedprocess] [info] Extracted extension to /home/alex/.vscode-oss/extensions/.mikael.angular-beastcode-8.0.1: mikael.angular-beastcode
[2019-04-14 17:43:39.523] [sharedprocess] [info] Renamed to /home/alex/.vscode-oss/extensions/mikael.angular-beastcode-8.0.1
[2019-04-14 17:43:39.524] [sharedprocess] [info] Installation completed. mikael.angular-beastcode
[2019-04-14 17:43:39.532] [sharedprocess] [info] Extensions installed successfully: mikael.angular-beastcode
[2019-04-14 17:43:39.668] [sharedprocess] [info] Downloaded extension: james-yu.latex-workshop /tmp/d748ebf6-2b8b-4a8e-8305-a3b8d682202e
[2019-04-14 17:43:40.046] [sharedprocess] [info] Extracted extension to /home/alex/.vscode-oss/extensions/.formulahendry.code-runner-0.9.8: formulahendry.code-runner
[2019-04-14 17:43:40.046] [sharedprocess] [info] Renamed to /home/alex/.vscode-oss/extensions/formulahendry.code-runner-0.9.8
[2019-04-14 17:43:40.047] [sharedprocess] [info] Installation completed. formulahendry.code-runner
[2019-04-14 17:43:40.055] [sharedprocess] [info] Extensions installed successfully: formulahendry.code-runner
[2019-04-14 17:43:41.507] [sharedprocess] [info] Extracted extension to /home/alex/.vscode-oss/extensions/.james-yu.latex-workshop-6.4.0: james-yu.latex-workshop
[2019-04-14 17:43:41.507] [sharedprocess] [info] Renamed to /home/alex/.vscode-oss/extensions/james-yu.latex-workshop-6.4.0
[2019-04-14 17:43:41.509] [sharedprocess] [info] Installation completed. james-yu.latex-workshop
[2019-04-14 17:43:41.537] [sharedprocess] [info] Extensions installed successfully: james-yu.latex-workshop
[2019-04-14 17:44:17.171] [sharedprocess] [info] Starting to clean up unused language packs.
[2019-04-14 17:47:38.992] [sharedprocess] [info] Scanned user extensions: 21
[2019-04-14 17:47:38.992] [sharedprocess] [info] Scanned user extensions: 21
[2019-04-14 17:47:39.014] [sharedprocess] [info] Scanned system extensions: 72
[2019-04-14 17:47:39.018] [sharedprocess] [info] Scanned system extensions: 72
[2019-04-14 17:47:41.337] [sharedprocess] [info] Scanned user extensions: 21
