[2019-06-25 18:28:39.683] [exthost] [info] extension host started
[2019-06-25 18:28:39.746] [exthost] [info] ExtensionService#_doActivateExtension vscode.debug-auto-launch {"startup":true,"activationEvent":"*"}
[2019-06-25 18:28:39.746] [exthost] [info] ExtensionService#loadCommonJSModule /usr/lib/code/extensions/debug-auto-launch/dist/extension
[2019-06-25 18:28:39.753] [exthost] [info] ExtensionService#_doActivateExtension vscode.emmet {"startup":true,"activationEvent":"*"}
[2019-06-25 18:28:39.753] [exthost] [info] ExtensionService#loadCommonJSModule /usr/lib/code/extensions/emmet/dist/extension
[2019-06-25 18:28:39.764] [exthost] [info] ExtensionService#_doActivateExtension vscode.git {"startup":true,"activationEvent":"*"}
[2019-06-25 18:28:39.764] [exthost] [info] ExtensionService#loadCommonJSModule /usr/lib/code/extensions/git/dist/main
[2019-06-25 18:28:39.822] [exthost] [info] ExtensionService#_doActivateExtension vscode.merge-conflict {"startup":true,"activationEvent":"*"}
[2019-06-25 18:28:39.822] [exthost] [info] ExtensionService#loadCommonJSModule /usr/lib/code/extensions/merge-conflict/dist/extension
[2019-06-25 18:28:39.826] [exthost] [info] ExtensionService#_doActivateExtension Equinusocio.vsc-material-theme {"startup":true,"activationEvent":"*"}
[2019-06-25 18:28:39.826] [exthost] [info] ExtensionService#loadCommonJSModule /home/alex/.vscode-oss/extensions/equinusocio.vsc-material-theme-2.8.2/out/src/material.theme.config
[2019-06-25 18:28:39.833] [exthost] [info] ExtensionService#_doActivateExtension formulahendry.auto-close-tag {"startup":true,"activationEvent":"*"}
[2019-06-25 18:28:39.833] [exthost] [info] ExtensionService#loadCommonJSModule /home/alex/.vscode-oss/extensions/formulahendry.auto-close-tag-0.5.6/out/src/extension
[2019-06-25 18:28:39.833] [exthost] [info] ExtensionService#_doActivateExtension formulahendry.auto-rename-tag {"startup":true,"activationEvent":"*"}
[2019-06-25 18:28:39.833] [exthost] [info] ExtensionService#loadCommonJSModule /home/alex/.vscode-oss/extensions/formulahendry.auto-rename-tag-0.0.15/out/src/extension
[2019-06-25 18:28:39.835] [exthost] [info] ExtensionService#_doActivateExtension PKief.material-icon-theme {"startup":true,"activationEvent":"*"}
[2019-06-25 18:28:39.835] [exthost] [info] ExtensionService#loadCommonJSModule /home/alex/.vscode-oss/extensions/pkief.material-icon-theme-3.7.0/dist/extension
[2019-06-25 18:28:39.846] [exthost] [info] ExtensionService#_doActivateExtension ritwickdey.LiveServer {"startup":true,"activationEvent":"*"}
[2019-06-25 18:28:39.846] [exthost] [info] ExtensionService#loadCommonJSModule /home/alex/.vscode-oss/extensions/ritwickdey.liveserver-5.5.1/out/src/extension
[2019-06-25 18:28:40.117] [exthost] [info] ExtensionService#_doActivateExtension Zignd.html-css-class-completion {"startup":true,"activationEvent":"*"}
[2019-06-25 18:28:40.117] [exthost] [info] ExtensionService#loadCommonJSModule /home/alex/.vscode-oss/extensions/zignd.html-css-class-completion-1.18.0/out/src/extension
[2019-06-25 18:28:40.427] [exthost] [info] eager extensions activated
[2019-06-25 18:28:45.193] [exthost] [info] ExtensionService#_doActivateExtension vscode.configuration-editing {"startup":false,"activationEvent":"onLanguage:json"}
[2019-06-25 18:28:45.193] [exthost] [info] ExtensionService#loadCommonJSModule /usr/lib/code/extensions/configuration-editing/dist/extension
[2019-06-25 18:28:45.200] [exthost] [info] ExtensionService#_doActivateExtension vscode.extension-editing {"startup":false,"activationEvent":"onLanguage:json"}
[2019-06-25 18:28:45.200] [exthost] [info] ExtensionService#loadCommonJSModule /usr/lib/code/extensions/extension-editing/dist/extension
[2019-06-25 18:28:45.230] [exthost] [info] ExtensionService#_doActivateExtension vscode.json-language-features {"startup":false,"activationEvent":"onLanguage:json"}
[2019-06-25 18:28:45.230] [exthost] [info] ExtensionService#loadCommonJSModule /usr/lib/code/extensions/json-language-features/client/dist/jsonMain
[2019-06-25 18:28:45.292] [exthost] [info] ExtensionService#_doActivateExtension vscode.npm {"startup":false,"activationEvent":"onLanguage:json"}
[2019-06-25 18:28:45.292] [exthost] [info] ExtensionService#loadCommonJSModule /usr/lib/code/extensions/npm/dist/main
[2019-06-25 18:28:45.303] [exthost] [info] ExtensionService#_doActivateExtension eg2.vscode-npm-script {"startup":false,"activationEvent":"onLanguage:json"}
[2019-06-25 18:28:45.303] [exthost] [info] ExtensionService#loadCommonJSModule /home/alex/.vscode-oss/extensions/eg2.vscode-npm-script-0.3.5/out/src/main
[2019-06-25 18:28:45.604] [exthost] [info] ExtensionService#_doActivateExtension vscode.typescript-language-features {"startup":false,"activationEvent":"onLanguage:jsonc"}
[2019-06-25 18:28:45.604] [exthost] [info] ExtensionService#loadCommonJSModule /usr/lib/code/extensions/typescript-language-features/dist/extension
