[2019-02-15 17:29:41.888] [sharedprocess] [info] main {"machineId":"29d990988e8064803937ba315708ed1a061491602e0513c1f524d0d5347e8af7"}
[2019-02-15 17:29:41.941] [sharedprocess] [info] Scanned user extensions: 10
[2019-02-15 17:29:41.948] [sharedprocess] [info] Scanned user extensions: 10
[2019-02-15 17:29:41.948] [sharedprocess] [info] Scanned user extensions: 10
[2019-02-15 17:29:42.171] [sharedprocess] [info] Scanned system extensions: 71
[2019-02-15 17:29:42.172] [sharedprocess] [info] Deleted from disk formulahendry.code-runner /home/alex/.vscode-oss/extensions/formulahendry.code-runner-0.9.6
[2019-02-15 17:29:42.172] [sharedprocess] [info] Deleted from disk pkief.material-icon-theme /home/alex/.vscode-oss/extensions/pkief.material-icon-theme-3.6.2
[2019-02-15 17:29:42.173] [sharedprocess] [info] Scanned system extensions: 71
[2019-02-15 17:29:42.176] [sharedprocess] [info] Deleted from disk gencer.html-slim-scss-css-class-completion /home/alex/.vscode-oss/extensions/gencer.html-slim-scss-css-class-completion-1.2.1
[2019-02-15 17:29:42.176] [sharedprocess] [info] Deleted from disk zignd.html-css-class-completion /home/alex/.vscode-oss/extensions/zignd.html-css-class-completion-1.17.1
[2019-02-15 17:29:42.180] [sharedprocess] [info] Deleted from disk ritwickdey.liveserver /home/alex/.vscode-oss/extensions/ritwickdey.liveserver-5.3.1
[2019-02-15 17:29:42.790] [sharedprocess] [info] Scanned user extensions: 10
[2019-02-15 17:29:43.560] [sharedprocess] [info] Installing extension: equinusocio.vsc-material-theme
[2019-02-15 17:29:43.563] [sharedprocess] [info] Scanned user extensions: 10
[2019-02-15 17:29:45.298] [sharedprocess] [info] Downloaded extension: equinusocio.vsc-material-theme /tmp/dae8e063-169f-4b32-acc9-214e98512bb0
[2019-02-15 17:29:45.355] [sharedprocess] [info] Extracted extension to /home/alex/.vscode-oss/extensions/.equinusocio.vsc-material-theme-2.7.0: equinusocio.vsc-material-theme
[2019-02-15 17:29:45.355] [sharedprocess] [info] Renamed to /home/alex/.vscode-oss/extensions/equinusocio.vsc-material-theme-2.7.0
[2019-02-15 17:29:45.356] [sharedprocess] [info] Installation completed. equinusocio.vsc-material-theme
[2019-02-15 17:29:45.376] [sharedprocess] [info] Extensions installed successfully: equinusocio.vsc-material-theme
[2019-02-15 17:29:54.450] [sharedprocess] [info] Scanned user extensions: 10
[2019-02-15 17:29:54.450] [sharedprocess] [info] Scanned user extensions: 10
[2019-02-15 17:29:54.454] [sharedprocess] [info] Scanned user extensions: 10
[2019-02-15 17:29:54.454] [sharedprocess] [info] Scanned user extensions: 10
[2019-02-15 17:29:54.487] [sharedprocess] [info] Scanned system extensions: 71
[2019-02-15 17:29:54.489] [sharedprocess] [info] Scanned system extensions: 71
[2019-02-15 17:29:54.491] [sharedprocess] [info] Scanned system extensions: 71
[2019-02-15 17:30:02.177] [sharedprocess] [info] Installing extension: james-yu.latex-workshop
[2019-02-15 17:30:02.180] [sharedprocess] [info] Scanned user extensions: 10
[2019-02-15 17:30:06.488] [sharedprocess] [info] Downloaded extension: james-yu.latex-workshop /tmp/1e7c7882-e4fc-4c20-a9c4-3bbdcc438bb7
[2019-02-15 17:30:08.565] [sharedprocess] [info] Extracted extension to /home/alex/.vscode-oss/extensions/.james-yu.latex-workshop-5.21.0: james-yu.latex-workshop
[2019-02-15 17:30:08.566] [sharedprocess] [info] Renamed to /home/alex/.vscode-oss/extensions/james-yu.latex-workshop-5.21.0
[2019-02-15 17:30:08.567] [sharedprocess] [info] Installation completed. james-yu.latex-workshop
[2019-02-15 17:30:08.588] [sharedprocess] [info] Extensions installed successfully: james-yu.latex-workshop
[2019-02-15 17:30:21.895] [sharedprocess] [info] Starting to clean up unused language packs.
