[2019-04-04 21:58:02.671] [exthost] [info] extension host started
[2019-04-04 21:58:02.687] [exthost] [info] ExtensionService#_doActivateExtension vscode.debug-auto-launch {"startup":true,"activationEvent":"*"}
[2019-04-04 21:58:02.687] [exthost] [info] ExtensionService#loadCommonJSModule /usr/lib/code/extensions/debug-auto-launch/dist/extension
[2019-04-04 21:58:02.690] [exthost] [info] ExtensionService#_doActivateExtension vscode.emmet {"startup":true,"activationEvent":"*"}
[2019-04-04 21:58:02.690] [exthost] [info] ExtensionService#loadCommonJSModule /usr/lib/code/extensions/emmet/dist/extension
[2019-04-04 21:58:02.701] [exthost] [info] ExtensionService#_doActivateExtension vscode.git {"startup":true,"activationEvent":"*"}
[2019-04-04 21:58:02.701] [exthost] [info] ExtensionService#loadCommonJSModule /usr/lib/code/extensions/git/dist/main
[2019-04-04 21:58:02.764] [exthost] [info] ExtensionService#_doActivateExtension vscode.merge-conflict {"startup":true,"activationEvent":"*"}
[2019-04-04 21:58:02.764] [exthost] [info] ExtensionService#loadCommonJSModule /usr/lib/code/extensions/merge-conflict/dist/extension
[2019-04-04 21:58:02.768] [exthost] [info] eager extensions activated
[2019-04-04 21:58:50.419] [exthost] [info] ExtensionService#_doActivateExtension Equinusocio.vsc-material-theme {"startup":false,"activationEvent":"*"}
[2019-04-04 21:58:50.419] [exthost] [info] ExtensionService#loadCommonJSModule /home/alex/.vscode-oss/extensions/equinusocio.vsc-material-theme-2.8.2/out/src/material.theme.config
[2019-04-04 21:58:52.396] [exthost] [info] ExtensionService#_doActivateExtension PKief.material-icon-theme {"startup":false,"activationEvent":"*"}
[2019-04-04 21:58:52.396] [exthost] [info] ExtensionService#loadCommonJSModule /home/alex/.vscode-oss/extensions/pkief.material-icon-theme-3.7.0/dist/extension
[2019-04-04 21:59:01.642] [exthost] [info] ExtensionService#_doActivateExtension formulahendry.auto-close-tag {"startup":false,"activationEvent":"*"}
[2019-04-04 21:59:01.642] [exthost] [info] ExtensionService#loadCommonJSModule /home/alex/.vscode-oss/extensions/formulahendry.auto-close-tag-0.5.6/out/src/extension
[2019-04-04 21:59:10.380] [exthost] [info] ExtensionService#_doActivateExtension formulahendry.auto-rename-tag {"startup":false,"activationEvent":"*"}
[2019-04-04 21:59:10.380] [exthost] [info] ExtensionService#loadCommonJSModule /home/alex/.vscode-oss/extensions/formulahendry.auto-rename-tag-0.0.15/out/src/extension
[2019-04-04 22:00:13.006] [exthost] [info] ExtensionService#_doActivateExtension Zignd.html-css-class-completion {"startup":false,"activationEvent":"*"}
[2019-04-04 22:00:13.006] [exthost] [info] ExtensionService#loadCommonJSModule /home/alex/.vscode-oss/extensions/zignd.html-css-class-completion-1.18.0/out/src/extension
[2019-04-04 22:01:08.124] [exthost] [info] ExtensionService#_doActivateExtension ritwickdey.LiveServer {"startup":false,"activationEvent":"*"}
[2019-04-04 22:01:08.124] [exthost] [info] ExtensionService#loadCommonJSModule /home/alex/.vscode-oss/extensions/ritwickdey.liveserver-5.5.1/out/src/extension
[2019-04-04 22:02:38.703] [exthost] [info] ExtensionService#_doActivateExtension vscode.configuration-editing {"startup":false,"activationEvent":"onLanguage:jsonc"}
[2019-04-04 22:02:38.703] [exthost] [info] ExtensionService#loadCommonJSModule /usr/lib/code/extensions/configuration-editing/dist/extension
[2019-04-04 22:02:38.710] [exthost] [info] ExtensionService#_doActivateExtension vscode.json-language-features {"startup":false,"activationEvent":"onLanguage:jsonc"}
[2019-04-04 22:02:38.710] [exthost] [info] ExtensionService#loadCommonJSModule /usr/lib/code/extensions/json-language-features/client/dist/jsonMain
[2019-04-04 22:02:38.752] [exthost] [info] ExtensionService#_doActivateExtension vscode.typescript-language-features {"startup":false,"activationEvent":"onLanguage:jsonc"}
[2019-04-04 22:02:38.752] [exthost] [info] ExtensionService#loadCommonJSModule /usr/lib/code/extensions/typescript-language-features/dist/extension
