[2019-06-30 00:43:24.276] [exthost] [info] extension host started
[2019-06-30 00:43:24.290] [exthost] [info] ExtensionService#_doActivateExtension vscode.configuration-editing {"startup":false,"activationEvent":"onLanguage:json"}
[2019-06-30 00:43:24.290] [exthost] [info] ExtensionService#loadCommonJSModule /usr/lib/code/extensions/configuration-editing/dist/extension
[2019-06-30 00:43:24.304] [exthost] [info] ExtensionService#_doActivateExtension vscode.extension-editing {"startup":false,"activationEvent":"onLanguage:json"}
[2019-06-30 00:43:24.304] [exthost] [info] ExtensionService#loadCommonJSModule /usr/lib/code/extensions/extension-editing/dist/extension
[2019-06-30 00:43:24.383] [exthost] [info] ExtensionService#_doActivateExtension vscode.json-language-features {"startup":false,"activationEvent":"onLanguage:json"}
[2019-06-30 00:43:24.383] [exthost] [info] ExtensionService#loadCommonJSModule /usr/lib/code/extensions/json-language-features/client/dist/jsonMain
[2019-06-30 00:43:24.548] [exthost] [info] ExtensionService#_doActivateExtension vscode.npm {"startup":false,"activationEvent":"onLanguage:json"}
[2019-06-30 00:43:24.548] [exthost] [info] ExtensionService#loadCommonJSModule /usr/lib/code/extensions/npm/dist/main
[2019-06-30 00:43:24.587] [exthost] [info] ExtensionService#_doActivateExtension eg2.vscode-npm-script {"startup":false,"activationEvent":"onLanguage:json"}
[2019-06-30 00:43:24.587] [exthost] [info] ExtensionService#loadCommonJSModule /home/alex/.vscode-oss/extensions/eg2.vscode-npm-script-0.3.5/out/src/main
[2019-06-30 00:43:24.608] [exthost] [info] ExtensionService#_doActivateExtension vscode.debug-auto-launch {"startup":true,"activationEvent":"*"}
[2019-06-30 00:43:24.608] [exthost] [info] ExtensionService#loadCommonJSModule /usr/lib/code/extensions/debug-auto-launch/dist/extension
[2019-06-30 00:43:24.613] [exthost] [info] ExtensionService#_doActivateExtension vscode.emmet {"startup":true,"activationEvent":"*"}
[2019-06-30 00:43:24.613] [exthost] [info] ExtensionService#loadCommonJSModule /usr/lib/code/extensions/emmet/dist/extension
[2019-06-30 00:43:24.654] [exthost] [info] ExtensionService#_doActivateExtension vscode.git {"startup":true,"activationEvent":"*"}
[2019-06-30 00:43:24.654] [exthost] [info] ExtensionService#loadCommonJSModule /usr/lib/code/extensions/git/dist/main
[2019-06-30 00:43:24.835] [exthost] [info] ExtensionService#_doActivateExtension vscode.merge-conflict {"startup":true,"activationEvent":"*"}
[2019-06-30 00:43:24.835] [exthost] [info] ExtensionService#loadCommonJSModule /usr/lib/code/extensions/merge-conflict/dist/extension
[2019-06-30 00:43:24.849] [exthost] [info] ExtensionService#_doActivateExtension Equinusocio.vsc-material-theme {"startup":true,"activationEvent":"*"}
[2019-06-30 00:43:24.849] [exthost] [info] ExtensionService#loadCommonJSModule /home/alex/.vscode-oss/extensions/equinusocio.vsc-material-theme-2.8.2/out/src/material.theme.config
[2019-06-30 00:43:24.868] [exthost] [info] ExtensionService#_doActivateExtension formulahendry.auto-close-tag {"startup":true,"activationEvent":"*"}
[2019-06-30 00:43:24.868] [exthost] [info] ExtensionService#loadCommonJSModule /home/alex/.vscode-oss/extensions/formulahendry.auto-close-tag-0.5.6/out/src/extension
[2019-06-30 00:43:24.870] [exthost] [info] ExtensionService#_doActivateExtension formulahendry.auto-rename-tag {"startup":true,"activationEvent":"*"}
[2019-06-30 00:43:24.870] [exthost] [info] ExtensionService#loadCommonJSModule /home/alex/.vscode-oss/extensions/formulahendry.auto-rename-tag-0.0.15/out/src/extension
[2019-06-30 00:43:24.874] [exthost] [info] ExtensionService#_doActivateExtension PKief.material-icon-theme {"startup":true,"activationEvent":"*"}
[2019-06-30 00:43:24.874] [exthost] [info] ExtensionService#loadCommonJSModule /home/alex/.vscode-oss/extensions/pkief.material-icon-theme-3.7.0/dist/extension
[2019-06-30 00:43:24.916] [exthost] [info] ExtensionService#_doActivateExtension ritwickdey.LiveServer {"startup":true,"activationEvent":"*"}
[2019-06-30 00:43:24.916] [exthost] [info] ExtensionService#loadCommonJSModule /home/alex/.vscode-oss/extensions/ritwickdey.liveserver-5.5.1/out/src/extension
[2019-06-30 00:43:25.421] [exthost] [info] ExtensionService#_doActivateExtension Zignd.html-css-class-completion {"startup":true,"activationEvent":"*"}
[2019-06-30 00:43:25.421] [exthost] [info] ExtensionService#loadCommonJSModule /home/alex/.vscode-oss/extensions/zignd.html-css-class-completion-1.18.0/out/src/extension
[2019-06-30 00:43:25.876] [exthost] [info] eager extensions activated
[2019-06-30 00:43:26.181] [exthost] [info] ExtensionService#_doActivateExtension vscode.typescript-language-features {"startup":false,"activationEvent":"onLanguage:jsonc"}
[2019-06-30 00:43:26.182] [exthost] [info] ExtensionService#loadCommonJSModule /usr/lib/code/extensions/typescript-language-features/dist/extension
