[2019-02-19 13:19:31.960] [sharedprocess] [info] main {"machineId":"29d990988e8064803937ba315708ed1a061491602e0513c1f524d0d5347e8af7"}
[2019-02-19 13:19:32.108] [sharedprocess] [info] Scanned user extensions: 11
[2019-02-19 13:19:32.155] [sharedprocess] [info] Scanned user extensions: 11
[2019-02-19 13:19:32.156] [sharedprocess] [info] Scanned user extensions: 11
[2019-02-19 13:19:32.241] [sharedprocess] [info] Scanned user extensions: 11
[2019-02-19 13:19:32.260] [sharedprocess] [info] Scanned system extensions: 71
[2019-02-19 13:19:32.262] [sharedprocess] [info] Scanned system extensions: 71
[2019-02-19 13:19:32.265] [sharedprocess] [info] Scanned system extensions: 71
[2019-02-19 13:19:33.543] [sharedprocess] [info] Installing extension: james-yu.latex-workshop
[2019-02-19 13:19:33.567] [sharedprocess] [info] Scanned user extensions: 11
[2019-02-19 13:19:37.226] [sharedprocess] [info] Downloaded extension: james-yu.latex-workshop /tmp/0d51b1a7-49fd-4398-abc5-9ddc725001df
[2019-02-19 13:19:39.404] [sharedprocess] [info] Extracted extension to /home/alex/.vscode-oss/extensions/.james-yu.latex-workshop-6.0.0: james-yu.latex-workshop
[2019-02-19 13:19:39.405] [sharedprocess] [info] Renamed to /home/alex/.vscode-oss/extensions/james-yu.latex-workshop-6.0.0
[2019-02-19 13:19:39.407] [sharedprocess] [info] Installation completed. james-yu.latex-workshop
[2019-02-19 13:19:39.431] [sharedprocess] [info] Extensions installed successfully: james-yu.latex-workshop
[2019-02-19 13:20:11.969] [sharedprocess] [info] Starting to clean up unused language packs.
[2019-02-19 13:24:32.286] [sharedprocess] [info] Scanned user extensions: 11
[2019-02-19 13:29:32.323] [sharedprocess] [info] Scanned user extensions: 11
[2019-02-19 13:34:32.357] [sharedprocess] [info] Scanned user extensions: 11
[2019-02-19 13:39:32.388] [sharedprocess] [info] Scanned user extensions: 11
[2019-02-19 13:44:32.419] [sharedprocess] [info] Scanned user extensions: 11
[2019-02-19 13:49:32.450] [sharedprocess] [info] Scanned user extensions: 11
[2019-02-19 13:54:32.490] [sharedprocess] [info] Scanned user extensions: 11
[2019-02-19 13:59:32.522] [sharedprocess] [info] Scanned user extensions: 11
[2019-02-19 13:59:34.281] [sharedprocess] [info] Scanned user extensions: 11
[2019-02-19 13:59:34.284] [sharedprocess] [info] Scanned user extensions: 11
[2019-02-19 13:59:34.308] [sharedprocess] [info] Scanned system extensions: 71
[2019-02-19 13:59:34.311] [sharedprocess] [info] Scanned system extensions: 71
[2019-02-19 13:59:36.278] [sharedprocess] [info] Scanned user extensions: 11
